Note: NumExpr detected 12 cores but "NUMEXPR_MAX_THREADS" not set, so enforcing safe limit of 8.
NumExpr defaulting to 8 threads.
INFO     2020-08-03 13:35:01,889  FindOutlierChebyshev.print_to_console in FindOutlierChebyshev.run   
 ********** OUTLIER No 1 *******************
NODE: 10, DATA TYPE [CURRENT_icmp_recv]
INDEX[16, 23] = [28.0, 28.0, 31.0, 31.0, 31.0, 31.0, 31.0, 35.0] 
 
INFO     2020-08-03 13:35:01,890  FindOutlierChebyshev.print_to_console in FindOutlierChebyshev.run   
 ********** OUTLIER No 2 *******************
NODE: 10, DATA TYPE [CURRENT_icmp_recv]
INDEX[20, 27] = [31.0, 31.0, 31.0, 35.0, 35.0, 35.0, 35.0, 41.0] 
 
INFO     2020-08-03 13:35:01,897  FindOutlierChebyshev.print_to_console in FindOutlierChebyshev.run   
 ********** OUTLIER No 3 *******************
NODE: 10, DATA TYPE [CURRENT_icmp_recv]
INDEX[33, 40] = [46.0, 46.0, 46.0, 49.0, 49.0, 49.0, 49.0, 54.0] 
 
INFO     2020-08-03 13:35:01,898  FindOutlierChebyshev.print_to_console in FindOutlierChebyshev.run   
 ********** OUTLIER No 4 *******************
NODE: 10, DATA TYPE [CURRENT_icmp_recv]
INDEX[37, 44] = [49.0, 49.0, 49.0, 54.0, 54.0, 54.0, 54.0, 61.0] 
 
INFO     2020-08-03 13:35:01,898  FindOutlierChebyshev.print_to_console in FindOutlierChebyshev.run   
 ********** OUTLIER No 5 *******************
NODE: 10, DATA TYPE [CURRENT_icmp_recv]
INDEX[46, 53] = [61.0, 61.0, 61.0, 64.0, 64.0, 64.0, 64.0, 68.0] 
 
INFO     2020-08-03 13:35:01,899  FindOutlierChebyshev.print_to_console in FindOutlierChebyshev.run   
 ********** OUTLIER No 6 *******************
NODE: 10, DATA TYPE [CURRENT_icmp_recv]
INDEX[50, 57] = [64.0, 64.0, 64.0, 68.0, 68.0, 68.0, 68.0, 74.0] 
 
INFO     2020-08-03 13:35:01,900  FindOutlierChebyshev.print_to_console in FindOutlierChebyshev.run   
 ********** OUTLIER No 7 *******************
NODE: 10, DATA TYPE [CURRENT_icmp_recv]
INDEX[68, 75] = [83.0, 83.0, 86.0, 86.0, 86.0, 86.0, 86.0, 90.0] 
 
INFO     2020-08-03 13:35:01,901  FindOutlierChebyshev.print_to_console in FindOutlierChebyshev.run   
 ********** OUTLIER No 8 *******************
NODE: 10, DATA TYPE [CURRENT_icmp_recv]
INDEX[85, 92] = [99.0, 99.0, 99.0, 104.0, 104.0, 104.0, 104.0, 111.0] 
 
INFO     2020-08-03 13:35:01,902  FindOutlierChebyshev.print_to_console in FindOutlierChebyshev.run   
 ********** OUTLIER No 9 *******************
NODE: 10, DATA TYPE [CURRENT_icmp_recv]
INDEX[102, 109] = [120.0, 120.0, 120.0, 123.0, 123.0, 123.0, 123.0, 128.0] 
 
INFO     2020-08-03 13:35:01,903  FindOutlierChebyshev.print_to_console in FindOutlierChebyshev.run   
 ********** OUTLIER No 10 *******************
NODE: 10, DATA TYPE [CURRENT_icmp_recv]
INDEX[133, 140] = [153.0, 153.0, 158.0, 158.0, 158.0, 158.0, 158.0, 170.0] 
 
INFO     2020-08-03 13:35:01,904  FindOutlierChebyshev.print_to_console in FindOutlierChebyshev.run   
 ********** OUTLIER No 11 *******************
NODE: 10, DATA TYPE [CURRENT_icmp_sent]
INDEX[33, 40] = [67.0, 67.0, 67.0, 69.0, 69.0, 69.0, 69.0, 73.0] 
 
INFO     2020-08-03 13:35:01,905  FindOutlierChebyshev.print_to_console in FindOutlierChebyshev.run   
 ********** OUTLIER No 12 *******************
NODE: 10, DATA TYPE [CURRENT_icmp_sent]
INDEX[59, 66] = [84.0, 84.0, 84.0, 87.0, 87.0, 87.0, 87.0, 91.0] 
 
INFO     2020-08-03 13:35:01,906  FindOutlierChebyshev.print_to_console in FindOutlierChebyshev.run   
 ********** OUTLIER No 13 *******************
NODE: 10, DATA TYPE [CURRENT_icmp_sent]
INDEX[76, 83] = [96.0, 96.0, 96.0, 98.0, 98.0, 98.0, 98.0, 102.0] 
 
INFO     2020-08-03 13:35:01,907  FindOutlierChebyshev.print_to_console in FindOutlierChebyshev.run   
 ********** OUTLIER No 14 *******************
NODE: 10, DATA TYPE [CURRENT_icmp_sent]
INDEX[111, 118] = [119.0, 119.0, 119.0, 122.0, 122.0, 122.0, 122.0, 126.0] 
 
INFO     2020-08-03 13:35:01,908  FindOutlierChebyshev.print_to_console in FindOutlierChebyshev.run   
 ********** OUTLIER No 15 *******************
NODE: 10, DATA TYPE [CURRENT_icmp_sent]
INDEX[124, 131] = [128.0, 128.0, 128.0, 131.0, 131.0, 131.0, 131.0, 135.0] 
 
INFO     2020-08-03 13:35:01,909  FindOutlierChebyshev.print_to_console in FindOutlierChebyshev.run   
 ********** OUTLIER No 16 *******************
NODE: 12, DATA TYPE [CURRENT_icmp_recv]
INDEX[51, 58] = [57.0, 57.0, 60.0, 60.0, 60.0, 60.0, 60.0, 66.0] 
 
INFO     2020-08-03 13:35:01,910  FindOutlierChebyshev.print_to_console in FindOutlierChebyshev.run   
 ********** OUTLIER No 17 *******************
NODE: 12, DATA TYPE [CURRENT_icmp_recv]
INDEX[59, 66] = [66.0, 66.0, 66.0, 69.0, 69.0, 69.0, 69.0, 73.0] 
 
INFO     2020-08-03 13:35:01,910  FindOutlierChebyshev.print_to_console in FindOutlierChebyshev.run   
 ********** OUTLIER No 18 *******************
NODE: 12, DATA TYPE [CURRENT_icmp_recv]
INDEX[77, 84] = [79.0, 79.0, 82.0, 82.0, 82.0, 82.0, 82.0, 88.0] 
 
INFO     2020-08-03 13:35:01,911  FindOutlierChebyshev.print_to_console in FindOutlierChebyshev.run   
 ********** OUTLIER No 19 *******************
NODE: 12, DATA TYPE [CURRENT_icmp_recv]
INDEX[94, 101] = [97.0, 97.0, 97.0, 100.0, 100.0, 100.0, 100.0, 105.0] 
 
INFO     2020-08-03 13:35:01,912  FindOutlierChebyshev.print_to_console in FindOutlierChebyshev.run   
 ********** OUTLIER No 20 *******************
NODE: 12, DATA TYPE [CURRENT_icmp_recv]
INDEX[107, 114] = [109.0, 109.0, 109.0, 111.0, 111.0, 111.0, 111.0, 117.0] 
 
INFO     2020-08-03 13:35:01,913  FindOutlierChebyshev.print_to_console in FindOutlierChebyshev.run   
 ********** OUTLIER No 21 *******************
NODE: 12, DATA TYPE [CURRENT_icmp_recv]
INDEX[116, 123] = [117.0, 117.0, 120.0, 120.0, 120.0, 120.0, 120.0, 124.0] 
 
INFO     2020-08-03 13:35:01,914  FindOutlierChebyshev.print_to_console in FindOutlierChebyshev.run   
 ********** OUTLIER No 22 *******************
NODE: 12, DATA TYPE [CURRENT_icmp_recv]
INDEX[133, 140] = [132.0, 132.0, 132.0, 134.0, 134.0, 134.0, 134.0, 138.0] 
 
INFO     2020-08-03 13:35:01,915  FindOutlierChebyshev.print_to_console in FindOutlierChebyshev.run   
 ********** OUTLIER No 23 *******************
NODE: 13, DATA TYPE [CURRENT_icmp_recv]
INDEX[8, 15] = [28.0, 28.0, 32.0, 32.0, 32.0, 32.0, 32.0, 38.0] 
 
INFO     2020-08-03 13:35:01,916  FindOutlierChebyshev.print_to_console in FindOutlierChebyshev.run   
 ********** OUTLIER No 24 *******************
NODE: 13, DATA TYPE [CURRENT_icmp_recv]
INDEX[16, 23] = [38.0, 38.0, 38.0, 41.0, 41.0, 41.0, 41.0, 47.0] 
 
INFO     2020-08-03 13:35:01,917  FindOutlierChebyshev.print_to_console in FindOutlierChebyshev.run   
 ********** OUTLIER No 25 *******************
NODE: 13, DATA TYPE [CURRENT_icmp_recv]
INDEX[42, 49] = [65.0, 65.0, 65.0, 68.0, 68.0, 68.0, 68.0, 72.0] 
 
INFO     2020-08-03 13:35:01,918  FindOutlierChebyshev.print_to_console in FindOutlierChebyshev.run   
 ********** OUTLIER No 26 *******************
NODE: 13, DATA TYPE [CURRENT_icmp_recv]
INDEX[90, 97] = [111.0, 111.0, 111.0, 115.0, 115.0, 115.0, 115.0, 121.0] 
 
INFO     2020-08-03 13:35:01,919  FindOutlierChebyshev.print_to_console in FindOutlierChebyshev.run   
 ********** OUTLIER No 27 *******************
NODE: 13, DATA TYPE [CURRENT_icmp_recv]
INDEX[107, 114] = [129.0, 129.0, 129.0, 133.0, 133.0, 133.0, 133.0, 139.0] 
 
INFO     2020-08-03 13:35:01,920  FindOutlierChebyshev.print_to_console in FindOutlierChebyshev.run   
 ********** OUTLIER No 28 *******************
NODE: 13, DATA TYPE [CURRENT_icmp_recv]
INDEX[120, 127] = [143.0, 143.0, 143.0, 146.0, 146.0, 146.0, 146.0, 152.0] 
 
INFO     2020-08-03 13:35:01,921  FindOutlierChebyshev.print_to_console in FindOutlierChebyshev.run   
 ********** OUTLIER No 29 *******************
NODE: 13, DATA TYPE [CURRENT_icmp_recv]
INDEX[138, 145] = [161.0, 161.0, 161.0, 165.0, 165.0, 165.0, 165.0, 171.0] 
 
INFO     2020-08-03 13:35:01,922  FindOutlierChebyshev.print_to_console in FindOutlierChebyshev.run   
 ********** OUTLIER No 30 *******************
NODE: 13, DATA TYPE [CURRENT_icmp_sent]
INDEX[8, 15] = [33.0, 33.0, 37.0, 37.0, 37.0, 37.0, 37.0, 44.0] 
 
INFO     2020-08-03 13:35:01,923  FindOutlierChebyshev.print_to_console in FindOutlierChebyshev.run   
 ********** OUTLIER No 31 *******************
NODE: 13, DATA TYPE [CURRENT_icmp_sent]
INDEX[16, 23] = [44.0, 44.0, 44.0, 48.0, 48.0, 48.0, 48.0, 54.0] 
 
INFO     2020-08-03 13:35:01,924  FindOutlierChebyshev.print_to_console in FindOutlierChebyshev.run   
 ********** OUTLIER No 32 *******************
NODE: 13, DATA TYPE [CURRENT_icmp_sent]
INDEX[25, 32] = [54.0, 54.0, 54.0, 58.0, 58.0, 58.0, 58.0, 64.0] 
 
INFO     2020-08-03 13:35:01,925  FindOutlierChebyshev.print_to_console in FindOutlierChebyshev.run   
 ********** OUTLIER No 33 *******************
NODE: 13, DATA TYPE [CURRENT_icmp_sent]
INDEX[47, 54] = [79.0, 79.0, 82.0, 82.0, 82.0, 82.0, 82.0, 86.0] 
 
INFO     2020-08-03 13:35:01,926  FindOutlierChebyshev.print_to_console in FindOutlierChebyshev.run   
 ********** OUTLIER No 34 *******************
NODE: 13, DATA TYPE [CURRENT_icmp_sent]
INDEX[51, 58] = [82.0, 82.0, 82.0, 86.0, 86.0, 86.0, 86.0, 93.0] 
 
INFO     2020-08-03 13:35:01,927  FindOutlierChebyshev.print_to_console in FindOutlierChebyshev.run   
 ********** OUTLIER No 35 *******************
NODE: 13, DATA TYPE [CURRENT_icmp_sent]
INDEX[60, 67] = [93.0, 93.0, 97.0, 97.0, 97.0, 97.0, 97.0, 103.0] 
 
INFO     2020-08-03 13:35:01,928  FindOutlierChebyshev.print_to_console in FindOutlierChebyshev.run   
 ********** OUTLIER No 36 *******************
NODE: 13, DATA TYPE [CURRENT_icmp_sent]
INDEX[68, 75] = [103.0, 103.0, 103.0, 106.0, 106.0, 106.0, 106.0, 111.0] 
 
INFO     2020-08-03 13:35:01,929  FindOutlierChebyshev.print_to_console in FindOutlierChebyshev.run   
 ********** OUTLIER No 37 *******************
NODE: 13, DATA TYPE [CURRENT_icmp_sent]
INDEX[77, 84] = [111.0, 111.0, 111.0, 114.0, 114.0, 114.0, 114.0, 121.0] 
 
INFO     2020-08-03 13:35:01,930  FindOutlierChebyshev.print_to_console in FindOutlierChebyshev.run   
 ********** OUTLIER No 38 *******************
NODE: 13, DATA TYPE [CURRENT_icmp_sent]
INDEX[94, 101] = [133.0, 133.0, 133.0, 137.0, 137.0, 137.0, 137.0, 143.0] 
 
INFO     2020-08-03 13:35:01,931  FindOutlierChebyshev.print_to_console in FindOutlierChebyshev.run   
 ********** OUTLIER No 39 *******************
NODE: 13, DATA TYPE [CURRENT_icmp_sent]
INDEX[107, 114] = [148.0, 148.0, 148.0, 151.0, 151.0, 151.0, 151.0, 159.0] 
 
INFO     2020-08-03 13:35:01,932  FindOutlierChebyshev.print_to_console in FindOutlierChebyshev.run   
 ********** OUTLIER No 40 *******************
NODE: 13, DATA TYPE [CURRENT_icmp_sent]
INDEX[116, 123] = [159.0, 159.0, 159.0, 162.0, 162.0, 162.0, 162.0, 167.0] 
 
INFO     2020-08-03 13:35:01,933  FindOutlierChebyshev.print_to_console in FindOutlierChebyshev.run   
 ********** OUTLIER No 41 *******************
NODE: 13, DATA TYPE [CURRENT_icmp_sent]
INDEX[134, 141] = [177.0, 177.0, 180.0, 180.0, 180.0, 180.0, 180.0, 184.0] 
 
INFO     2020-08-03 13:35:01,934  FindOutlierChebyshev.print_to_console in FindOutlierChebyshev.run   
 ********** OUTLIER No 42 *******************
NODE: 13, DATA TYPE [CURRENT_icmp_sent]
INDEX[138, 145] = [180.0, 180.0, 180.0, 184.0, 184.0, 184.0, 184.0, 191.0] 
 
INFO     2020-08-03 13:35:01,935  FindOutlierChebyshev.print_to_console in FindOutlierChebyshev.run   
 ********** OUTLIER No 43 *******************
NODE: 2, DATA TYPE [CURRENT_icmp_recv]
INDEX[8, 15] = [22.0, 22.0, 22.0, 25.0, 25.0, 25.0, 25.0, 31.0] 
 
INFO     2020-08-03 13:35:01,936  FindOutlierChebyshev.print_to_console in FindOutlierChebyshev.run   
 ********** OUTLIER No 44 *******************
NODE: 2, DATA TYPE [CURRENT_icmp_recv]
INDEX[21, 28] = [35.0, 35.0, 38.0, 38.0, 38.0, 38.0, 38.0, 43.0] 
 
INFO     2020-08-03 13:35:01,937  FindOutlierChebyshev.print_to_console in FindOutlierChebyshev.run   
 ********** OUTLIER No 45 *******************
NODE: 2, DATA TYPE [CURRENT_icmp_recv]
INDEX[38, 45] = [51.0, 51.0, 51.0, 54.0, 54.0, 54.0, 54.0, 58.0] 
 
INFO     2020-08-03 13:35:01,938  FindOutlierChebyshev.print_to_console in FindOutlierChebyshev.run   
 ********** OUTLIER No 46 *******************
NODE: 2, DATA TYPE [CURRENT_icmp_recv]
INDEX[47, 54] = [58.0, 58.0, 58.0, 61.0, 61.0, 61.0, 61.0, 67.0] 
 
INFO     2020-08-03 13:35:01,939  FindOutlierChebyshev.print_to_console in FindOutlierChebyshev.run   
 ********** OUTLIER No 47 *******************
NODE: 2, DATA TYPE [CURRENT_icmp_recv]
INDEX[73, 80] = [81.0, 81.0, 81.0, 83.0, 83.0, 83.0, 83.0, 86.0] 
 
INFO     2020-08-03 13:35:01,941  FindOutlierChebyshev.print_to_console in FindOutlierChebyshev.run   
 ********** OUTLIER No 48 *******************
NODE: 2, DATA TYPE [CURRENT_icmp_recv]
INDEX[77, 84] = [83.0, 83.0, 83.0, 86.0, 86.0, 86.0, 86.0, 91.0] 
 
INFO     2020-08-03 13:35:01,942  FindOutlierChebyshev.print_to_console in FindOutlierChebyshev.run   
 ********** OUTLIER No 49 *******************
NODE: 2, DATA TYPE [CURRENT_icmp_recv]
INDEX[90, 97] = [96.0, 96.0, 96.0, 99.0, 99.0, 99.0, 99.0, 104.0] 
 
INFO     2020-08-03 13:35:01,943  FindOutlierChebyshev.print_to_console in FindOutlierChebyshev.run   
 ********** OUTLIER No 50 *******************
NODE: 2, DATA TYPE [CURRENT_icmp_recv]
INDEX[108, 115] = [111.0, 111.0, 114.0, 114.0, 114.0, 114.0, 114.0, 120.0] 
 
INFO     2020-08-03 13:35:01,944  FindOutlierChebyshev.print_to_console in FindOutlierChebyshev.run   
 ********** OUTLIER No 51 *******************
NODE: 2, DATA TYPE [CURRENT_icmp_recv]
INDEX[121, 128] = [124.0, 124.0, 127.0, 127.0, 127.0, 127.0, 127.0, 132.0] 
 
INFO     2020-08-03 13:35:01,945  FindOutlierChebyshev.print_to_console in FindOutlierChebyshev.run   
 ********** OUTLIER No 52 *******************
NODE: 2, DATA TYPE [CURRENT_icmp_recv]
INDEX[138, 145] = [138.0, 138.0, 138.0, 141.0, 141.0, 141.0, 141.0, 145.0] 
 
INFO     2020-08-03 13:35:01,946  FindOutlierChebyshev.print_to_console in FindOutlierChebyshev.run   
 ********** OUTLIER No 53 *******************
NODE: 3, DATA TYPE [CURRENT_icmp_recv]
INDEX[19, 26] = [83.0, 83.0, 92.0, 92.0, 92.0, 92.0, 92.0, 104.0] 
 
INFO     2020-08-03 13:35:01,947  FindOutlierChebyshev.print_to_console in FindOutlierChebyshev.run   
 ********** OUTLIER No 54 *******************
NODE: 3, DATA TYPE [CURRENT_icmp_recv]
INDEX[49, 56] = [158.0, 158.0, 158.0, 166.0, 166.0, 166.0, 166.0, 178.0] 
 
INFO     2020-08-03 13:35:01,948  FindOutlierChebyshev.print_to_console in FindOutlierChebyshev.run   
 ********** OUTLIER No 55 *******************
NODE: 3, DATA TYPE [CURRENT_icmp_recv]
INDEX[62, 69] = [188.0, 188.0, 188.0, 198.0, 198.0, 198.0, 198.0, 211.0] 
 
INFO     2020-08-03 13:35:01,949  FindOutlierChebyshev.print_to_console in FindOutlierChebyshev.run   
 ********** OUTLIER No 56 *******************
NODE: 3, DATA TYPE [CURRENT_icmp_recv]
INDEX[71, 78] = [211.0, 211.0, 217.0, 217.0, 217.0, 217.0, 217.0, 229.0] 
 
INFO     2020-08-03 13:35:01,949  FindOutlierChebyshev.print_to_console in FindOutlierChebyshev.run   
 ********** OUTLIER No 57 *******************
NODE: 3, DATA TYPE [CURRENT_icmp_recv]
INDEX[84, 91] = [238.0, 238.0, 247.0, 247.0, 247.0, 247.0, 247.0, 259.0] 
 
INFO     2020-08-03 13:35:01,950  FindOutlierChebyshev.print_to_console in FindOutlierChebyshev.run   
 ********** OUTLIER No 58 *******************
NODE: 3, DATA TYPE [CURRENT_icmp_recv]
INDEX[97, 104] = [272.0, 272.0, 281.0, 281.0, 281.0, 281.0, 281.0, 293.0] 
 
INFO     2020-08-03 13:35:01,951  FindOutlierChebyshev.print_to_console in FindOutlierChebyshev.run   
 ********** OUTLIER No 59 *******************
NODE: 3, DATA TYPE [CURRENT_icmp_recv]
INDEX[105, 112] = [293.0, 293.0, 293.0, 299.0, 299.0, 299.0, 299.0, 310.0] 
 
INFO     2020-08-03 13:35:01,952  FindOutlierChebyshev.print_to_console in FindOutlierChebyshev.run   
 ********** OUTLIER No 60 *******************
NODE: 3, DATA TYPE [CURRENT_icmp_sent]
INDEX[19, 26] = [119.0, 119.0, 127.0, 127.0, 127.0, 127.0, 127.0, 139.0] 
 
INFO     2020-08-03 13:35:01,953  FindOutlierChebyshev.print_to_console in FindOutlierChebyshev.run   
 ********** OUTLIER No 61 *******************
NODE: 3, DATA TYPE [CURRENT_icmp_sent]
INDEX[36, 43] = [165.0, 165.0, 165.0, 174.0, 174.0, 174.0, 174.0, 188.0] 
 
INFO     2020-08-03 13:35:01,954  FindOutlierChebyshev.print_to_console in FindOutlierChebyshev.run   
 ********** OUTLIER No 62 *******************
NODE: 3, DATA TYPE [CURRENT_icmp_sent]
INDEX[49, 56] = [198.0, 198.0, 198.0, 205.0, 205.0, 205.0, 205.0, 218.0] 
 
INFO     2020-08-03 13:35:01,955  FindOutlierChebyshev.print_to_console in FindOutlierChebyshev.run   
 ********** OUTLIER No 63 *******************
NODE: 3, DATA TYPE [CURRENT_icmp_sent]
INDEX[79, 86] = [271.0, 271.0, 271.0, 279.0, 279.0, 279.0, 279.0, 290.0] 
 
INFO     2020-08-03 13:35:01,956  FindOutlierChebyshev.print_to_console in FindOutlierChebyshev.run   
 ********** OUTLIER No 64 *******************
NODE: 3, DATA TYPE [CURRENT_icmp_sent]
INDEX[97, 104] = [314.0, 314.0, 324.0, 324.0, 324.0, 324.0, 324.0, 338.0] 
 
INFO     2020-08-03 13:35:01,957  FindOutlierChebyshev.print_to_console in FindOutlierChebyshev.run   
 ********** OUTLIER No 65 *******************
NODE: 3, DATA TYPE [CURRENT_icmp_sent]
INDEX[105, 112] = [338.0, 338.0, 338.0, 344.0, 344.0, 344.0, 344.0, 356.0] 
 
INFO     2020-08-03 13:35:01,957  FindOutlierChebyshev.print_to_console in FindOutlierChebyshev.run   
 ********** OUTLIER No 66 *******************
NODE: 3, DATA TYPE [CURRENT_icmp_sent]
INDEX[123, 130] = [381.0, 381.0, 388.0, 388.0, 388.0, 388.0, 388.0, 398.0] 
 
INFO     2020-08-03 13:35:01,958  FindOutlierChebyshev.print_to_console in FindOutlierChebyshev.run   
 ********** OUTLIER No 67 *******************
NODE: 3, DATA TYPE [CURRENT_icmp_sent]
INDEX[127, 134] = [388.0, 388.0, 388.0, 398.0, 398.0, 398.0, 398.0, 414.0] 
 
INFO     2020-08-03 13:35:01,959  FindOutlierChebyshev.print_to_console in FindOutlierChebyshev.run   
 ********** OUTLIER No 68 *******************
NODE: 3, DATA TYPE [CURRENT_icmp_sent]
INDEX[136, 143] = [414.0, 414.0, 421.0, 421.0, 421.0, 421.0, 421.0, 431.0] 
 
INFO     2020-08-03 13:35:01,960  FindOutlierChebyshev.print_to_console in FindOutlierChebyshev.run   
 ********** OUTLIER No 69 *******************
NODE: 3, DATA TYPE [CURRENT_icmp_sent]
INDEX[140, 147] = [421.0, 421.0, 421.0, 431.0, 431.0, 431.0, 431.0, 444.0] 
 
INFO     2020-08-03 13:35:01,961  FindOutlierChebyshev.print_to_console in FindOutlierChebyshev.run   
 ********** OUTLIER No 70 *******************
NODE: 4, DATA TYPE [CURRENT_icmp_recv]
INDEX[17, 24] = [28.0, 28.0, 31.0, 31.0, 31.0, 31.0, 31.0, 36.0] 
 
INFO     2020-08-03 13:35:01,962  FindOutlierChebyshev.print_to_console in FindOutlierChebyshev.run   
 ********** OUTLIER No 71 *******************
NODE: 4, DATA TYPE [CURRENT_icmp_recv]
INDEX[30, 37] = [41.0, 41.0, 41.0, 44.0, 44.0, 44.0, 44.0, 48.0] 
 
INFO     2020-08-03 13:35:01,963  FindOutlierChebyshev.print_to_console in FindOutlierChebyshev.run   
 ********** OUTLIER No 72 *******************
NODE: 4, DATA TYPE [CURRENT_icmp_recv]
INDEX[47, 54] = [56.0, 56.0, 56.0, 58.0, 58.0, 58.0, 58.0, 63.0] 
 
INFO     2020-08-03 13:35:01,964  FindOutlierChebyshev.print_to_console in FindOutlierChebyshev.run   
 ********** OUTLIER No 73 *******************
NODE: 4, DATA TYPE [CURRENT_icmp_recv]
INDEX[60, 67] = [66.0, 66.0, 66.0, 69.0, 69.0, 69.0, 69.0, 73.0] 
 
INFO     2020-08-03 13:35:01,965  FindOutlierChebyshev.print_to_console in FindOutlierChebyshev.run   
 ********** OUTLIER No 74 *******************
NODE: 4, DATA TYPE [CURRENT_icmp_recv]
INDEX[78, 85] = [79.0, 79.0, 82.0, 82.0, 82.0, 82.0, 82.0, 86.0] 
 
INFO     2020-08-03 13:35:01,966  FindOutlierChebyshev.print_to_console in FindOutlierChebyshev.run   
 ********** OUTLIER No 75 *******************
NODE: 4, DATA TYPE [CURRENT_icmp_recv]
INDEX[95, 102] = [94.0, 94.0, 94.0, 97.0, 97.0, 97.0, 97.0, 102.0] 
 
INFO     2020-08-03 13:35:01,967  FindOutlierChebyshev.print_to_console in FindOutlierChebyshev.run   
 ********** OUTLIER No 76 *******************
NODE: 4, DATA TYPE [CURRENT_icmp_recv]
INDEX[112, 119] = [108.0, 108.0, 108.0, 111.0, 111.0, 111.0, 111.0, 115.0] 
 
INFO     2020-08-03 13:35:01,968  FindOutlierChebyshev.print_to_console in FindOutlierChebyshev.run   
 ********** OUTLIER No 77 *******************
NODE: 4, DATA TYPE [CURRENT_icmp_recv]
INDEX[121, 128] = [115.0, 115.0, 115.0, 117.0, 117.0, 117.0, 117.0, 121.0] 
 
INFO     2020-08-03 13:35:01,969  FindOutlierChebyshev.print_to_console in FindOutlierChebyshev.run   
 ********** OUTLIER No 78 *******************
NODE: 4, DATA TYPE [CURRENT_icmp_recv]
INDEX[134, 141] = [126.0, 126.0, 126.0, 129.0, 129.0, 129.0, 129.0, 134.0] 
 
INFO     2020-08-03 13:35:01,969  FindOutlierChebyshev.print_to_console in FindOutlierChebyshev.run   
 ********** OUTLIER No 79 *******************
NODE: 4, DATA TYPE [CURRENT_icmp_sent]
INDEX[8, 15] = [47.0, 47.0, 47.0, 52.0, 52.0, 52.0, 52.0, 59.0] 
 
INFO     2020-08-03 13:35:01,970  FindOutlierChebyshev.print_to_console in FindOutlierChebyshev.run   
 ********** OUTLIER No 80 *******************
NODE: 4, DATA TYPE [CURRENT_icmp_sent]
INDEX[21, 28] = [63.0, 63.0, 63.0, 66.0, 66.0, 66.0, 66.0, 71.0] 
 
INFO     2020-08-03 13:35:01,971  FindOutlierChebyshev.print_to_console in FindOutlierChebyshev.run   
 ********** OUTLIER No 81 *******************
NODE: 4, DATA TYPE [CURRENT_icmp_sent]
INDEX[30, 37] = [71.0, 71.0, 71.0, 73.0, 73.0, 73.0, 73.0, 77.0] 
 
INFO     2020-08-03 13:35:01,972  FindOutlierChebyshev.print_to_console in FindOutlierChebyshev.run   
 ********** OUTLIER No 82 *******************
NODE: 4, DATA TYPE [CURRENT_icmp_sent]
INDEX[52, 59] = [90.0, 90.0, 94.0, 94.0, 94.0, 94.0, 94.0, 100.0] 
 
INFO     2020-08-03 13:35:01,973  FindOutlierChebyshev.print_to_console in FindOutlierChebyshev.run   
 ********** OUTLIER No 83 *******************
NODE: 4, DATA TYPE [CURRENT_icmp_sent]
INDEX[60, 67] = [100.0, 100.0, 100.0, 102.0, 102.0, 102.0, 102.0, 107.0] 
 
INFO     2020-08-03 13:35:01,974  FindOutlierChebyshev.print_to_console in FindOutlierChebyshev.run   
 ********** OUTLIER No 84 *******************
NODE: 4, DATA TYPE [CURRENT_icmp_sent]
INDEX[73, 80] = [112.0, 112.0, 112.0, 114.0, 114.0, 114.0, 114.0, 119.0] 
 
INFO     2020-08-03 13:35:01,975  FindOutlierChebyshev.print_to_console in FindOutlierChebyshev.run   
 ********** OUTLIER No 85 *******************
NODE: 4, DATA TYPE [CURRENT_icmp_sent]
INDEX[82, 89] = [119.0, 119.0, 119.0, 123.0, 123.0, 123.0, 123.0, 129.0] 
 
INFO     2020-08-03 13:35:01,976  FindOutlierChebyshev.print_to_console in FindOutlierChebyshev.run   
 ********** OUTLIER No 86 *******************
NODE: 4, DATA TYPE [CURRENT_icmp_sent]
INDEX[95, 102] = [131.0, 131.0, 131.0, 134.0, 134.0, 134.0, 134.0, 141.0] 
 
INFO     2020-08-03 13:35:01,977  FindOutlierChebyshev.print_to_console in FindOutlierChebyshev.run   
 ********** OUTLIER No 87 *******************
NODE: 4, DATA TYPE [CURRENT_icmp_sent]
INDEX[108, 115] = [144.0, 144.0, 144.0, 147.0, 147.0, 147.0, 147.0, 153.0] 
 
INFO     2020-08-03 13:35:01,978  FindOutlierChebyshev.print_to_console in FindOutlierChebyshev.run   
 ********** OUTLIER No 88 *******************
NODE: 4, DATA TYPE [CURRENT_icmp_sent]
INDEX[121, 128] = [158.0, 158.0, 158.0, 161.0, 161.0, 161.0, 161.0, 165.0] 
 [1INFO     2020-08-03 13:35:01,979  FindOutlierChebyshev.print_to_console in FindOutlierChebyshev.run   
 ********** OUTLIER No 89 *******************
NODE: 4, DATA TYPE [CURRENT_icmp_sent]
INDEX[134, 141] = [170.0, 170.0, 170.0, 172.0, 172.0, 172.0, 172.0, 183.0] 
[13:INFO     2020-08-03 13:35:01,980  FindOutlierChebyshev.print_to_console in FindOutlierChebyshev.run   
 ********** OUTLIER No 90 *******************
NODE: 5, DATA TYPE [CURRENT_icmp_recv]
INDEX[19, 26] = [69.0, 69.0, 74.0, 74.0, 74.0, 74.0, 74.0, 83.0][13:35INFO     2020-08-03 13:35:01,981  FindOutlierChebyshev.print_to_console in FindOutlierChebyshev.run   
 ********** OUTLIER No 91 *******************
NODE: 5, DATA TYPE [CURRENT_icmp_recv]
INDEX[36, 43] = [104.0, 104.0, 104.0, 110.0, 110.0, 110.0, 110.0, 121.[13:35:0INFO     2020-08-03 13:35:01,982  FindOutlierChebyshev.print_to_console in FindOutlierChebyshev.run   
 ********** OUTLIER No 92 *******************
NODE: 5, DATA TYPE [CURRENT_icmp_recv]
INDEX[71, 78] = [173.0, 173.0, 173.0, 180.0, 180.0, 180.0, 180.0, 18[13:35:01]INFO     2020-08-03 13:35:01,983  FindOutlierChebyshev.print_to_console in FindOutlierChebyshev.run   
 ********** OUTLIER No 93 *******************
NODE: 5, DATA TYPE [CURRENT_icmp_recv]
INDEX[84, 91] = [197.0, 197.0, 197.0, 204.0, 204.0, 204.0, 204.0, [13:35:01] {INFO     2020-08-03 13:35:01,984  FindOutlierChebyshev.print_to_console in FindOutlierChebyshev.run   
 ********** OUTLIER No 94 *******************
NODE: 5, DATA TYPE [CURRENT_icmp_recv]
INDEX[97, 104] = [225.0, 225.0, 225.0, 232.0, 232.0, 232.0, 232.0[13:35:01] {C:INFO     2020-08-03 13:35:01,985  FindOutlierChebyshev.print_to_console in FindOutlierChebyshev.run   
 ********** OUTLIER No 95 *******************
NODE: 5, DATA TYPE [CURRENT_icmp_recv]
INDEX[106, 113] = [242.0, 242.0, 248.0, 248.0, 248.0, 248.0, 248[13:35:01] {C:\UINFO     2020-08-03 13:35:01,986  FindOutlierChebyshev.print_to_console in FindOutlierChebyshev.run   
 ********** OUTLIER No 96 *******************
NODE: 5, DATA TYPE [CURRENT_icmp_recv]
INDEX[127, 134] = [285.0, 285.0, 285.0, 292.0, 292.0, 292.0, 2[13:35:01] {C:\UseINFO     2020-08-03 13:35:01,987  FindOutlierChebyshev.print_to_console in FindOutlierChebyshev.run   
 ********** OUTLIER No 97 *******************
NODE: 5, DATA TYPE [CURRENT_icmp_sent]
INDEX[19, 26] = [94.0, 94.0, 97.0, 97.0, 97.0, 97.0[13:35:01] {C:\UsersINFO     2020-08-03 13:35:01,988  FindOutlierChebyshev.print_to_console in FindOutlierChebyshev.run   
 ********** OUTLIER No 98 *******************
NODE: 5, DATA TYPE [CURRENT_icmp_sent]
INDEX[36, 43] = [120.0, 120.0, 120.0, 125.0, 125.0, 125.[13:35:01] {C:\Users\vINFO     2020-08-03 13:35:01,989  FindOutlierChebyshev.print_to_console in FindOutlierChebyshev.run   
 ********** OUTLIER No 99 *******************
NODE: 5, DATA TYPE [CURRENT_icmp_sent]
INDEX[41, 48] = [125.0, 125.0, 132.0, 132.0, 132.0, 13[13:35:01] {C:\Users\vouINFO     2020-08-03 13:35:01,989  FindOutlierChebyshev.print_to_console in FindOutlierChebyshev.run   
 ********** OUTLIER No 100 *******************
NODE: 5, DATA TYPE [CURRENT_icmp_sent]
INDEX[49, 56] = [141.0, 141.0, 141.0, 145.0, 145.0, [13:35:01] {C:\Users\vougiINFO     2020-08-03 13:35:01,990  FindOutlierChebyshev.print_to_console in FindOutlierChebyshev.run   
 ********** OUTLIER No 101 *******************
NODE: 5, DATA TYPE [CURRENT_icmp_sent]
INDEX[62, 69] = [161.0, 161.0, 161.0, 167.0, 167.0[13:35:01] {C:\Users\vougi\PINFO     2020-08-03 13:35:01,991  FindOutlierChebyshev.print_to_console in FindOutlierChebyshev.run   
 ********** OUTLIER No 102 *******************
NODE: 5, DATA TYPE [CURRENT_icmp_sent]
INDEX[71, 78] = [176.0, 176.0, 176.0, 180.0, 180[13:35:01] {C:\Users\vougi\PycINFO     2020-08-03 13:35:01,992  FindOutlierChebyshev.print_to_console in FindOutlierChebyshev.run   
 ********** OUTLIER No 103 *******************
NODE: 5, DATA TYPE [CURRENT_icmp_sent]
INDEX[80, 87] = [187.0, 187.0, 192.0, 192.0, 1[13:35:01] {C:\Users\vougi\PychaINFO     2020-08-03 13:35:01,993  FindOutlierChebyshev.print_to_console in FindOutlierChebyshev.run   
 ********** OUTLIER No 104 *******************
NODE: 5, DATA TYPE [CURRENT_icmp_sent]
INDEX[97, 104] = [216.0, 216.0, 216.0, 222.0,[13:35:01] {C:\Users\vougi\PycharmINFO     2020-08-03 13:35:01,995  FindOutlierChebyshev.print_to_console in FindOutlierChebyshev.run   
 ********** OUTLIER No 105 *******************
NODE: 5, DATA TYPE [CURRENT_icmp_sent]
INDEX[110, 117] = [236.0, 236.0, 236.0, 242.[13:35:01] {C:\Users\vougi\PycharmPrINFO     2020-08-03 13:35:01,996  FindOutlierChebyshev.print_to_console in FindOutlierChebyshev.run   
 ********** OUTLIER No 106 *******************
NODE: 5, DATA TYPE [CURRENT_icmp_sent]
INDEX[119, 126] = [252.0, 252.0, 257.0, 25[13:35:01] {C:\Users\vougi\PycharmProjINFO     2020-08-03 13:35:01,997  FindOutlierChebyshev.print_to_console in FindOutlierChebyshev.run   
 ********** OUTLIER No 107 *******************
NODE: 5, DATA TYPE [CURRENT_icmp_sent]
INDEX[127, 134] = [264.0, 264.0, 264.0, [13:35:01] {C:\Users\vougi\PycharmProjecINFO     2020-08-03 13:35:01,998  FindOutlierChebyshev.print_to_console in FindOutlierChebyshev.run   
 ********** OUTLIER No 108 *******************
NODE: 5, DATA TYPE [CURRENT_icmp_sent]
INDEX[136, 143] = [279.0, 279.0, 279.0[13:35:01] {C:\Users\vougi\PycharmProjectsINFO     2020-08-03 13:35:01,999  FindOutlierChebyshev.print_to_console in FindOutlierChebyshev.run   
 ********** OUTLIER No 109 *******************
NODE: 5, DATA TYPE [CURRENT_icmp_sent]
INDEX[145, 152] = [296.0, 296.0, 296[13:35:01] {C:\Users\vougi\PycharmProjects\fINFO     2020-08-03 13:35:01,999  FindOutlierChebyshev.print_to_console in FindOutlierChebyshev.run   
 ********** OUTLIER No 110 *******************
NODE: 6, DATA TYPE [CURRENT_icmp_recv]
INDEX[12, 19] = [27.0, 2[13:35:02] {C:\Users\vougi\PycharmProjects\finINFO     2020-08-03 13:35:02,001  FindOutlierChebyshev.print_to_console in FindOutlierChebyshev.run   
 ********** OUTLIER No 111 *******************
NODE: 6, DATA TYPE [CURRENT_icmp_recv]
INDEX[25, 32] = [38.0,[13:35:02] {C:\Users\vougi\PycharmProjects\find_INFO     2020-08-03 13:35:02,002  FindOutlierChebyshev.print_to_console in FindOutlierChebyshev.run   
 ********** OUTLIER No 112 *******************
NODE: 6, DATA TYPE [CURRENT_icmp_recv]
INDEX[38, 45] = [54.[13:35:02] {C:\Users\vougi\PycharmProjects\find_ouINFO     2020-08-03 13:35:02,003  FindOutlierChebyshev.print_to_console in FindOutlierChebyshev.run   
 ********** OUTLIER No 113 *******************
NODE: 6, DATA TYPE [CURRENT_icmp_recv]
INDEX[56, 63] = [7[13:35:02] {C:\Users\vougi\PycharmProjects\find_outlINFO     2020-08-03 13:35:02,004  FindOutlierChebyshev.print_to_console in FindOutlierChebyshev.run   
 ********** OUTLIER No 114 *******************
NODE: 6, DATA TYPE [CURRENT_icmp_recv]
INDEX[69, 76] = [96.0,[13:35:02] {C:\Users\vougi\PycharmProjects\find_outlieINFO     2020-08-03 13:35:02,005  FindOutlierChebyshev.print_to_console in FindOutlierChebyshev.run   
 ********** OUTLIER No 115 *******************
NODE: 6, DATA TYPE [CURRENT_icmp_recv]
INDEX[95, 102] = [128.0[13:35:02] {C:\Users\vougi\PycharmProjects\find_outliersINFO     2020-08-03 13:35:02,005  FindOutlierChebyshev.print_to_console in FindOutlierChebyshev.run   
 ********** OUTLIER No 116 *******************
NODE: 6, DATA TYPE [CURRENT_icmp_recv]
INDEX[143, 150] = [188[13:35:02] {C:\Users\vougi\PycharmProjects\find_outliers_pINFO     2020-08-03 13:35:02,006  FindOutlierChebyshev.print_to_console in FindOutlierChebyshev.run   
 ********** OUTLIER No 117 *******************
NODE: 6, DATA TYPE [CURRENT_icmp_sent]
INDEX[16, [13:35:02] {C:\Users\vougi\PycharmProjects\find_outliers_plaINFO     2020-08-03 13:35:02,007  FindOutlierChebyshev.print_to_console in FindOutlierChebyshev.run   
 ********** OUTLIER No 118 *******************
NODE: 6, DATA TYPE [CURRENT_icmp_sent]
INDEX[34[13:35:02] {C:\Users\vougi\PycharmProjects\find_outliers_platfINFO     2020-08-03 13:35:02,008  FindOutlierChebyshev.print_to_console in FindOutlierChebyshev.run   
 ********** OUTLIER No 119 *******************
NODE: 6, DATA TYPE [CURRENT_icmp_sent]
INDEX[86, 93] [13:35:02] {C:\Users\vougi\PycharmProjects\find_outliers_platforINFO     2020-08-03 13:35:02,009  FindOutlierChebyshev.print_to_console in FindOutlierChebyshev.run   
 ********** OUTLIER No 120 *******************
NODE: 6, DATA TYPE [CURRENT_icmp_sent]
INDEX[103, 110[13:35:02] {C:\Users\vougi\PycharmProjects\find_outliers_platform\INFO     2020-08-03 13:35:02,010  FindOutlierChebyshev.print_to_console in FindOutlierChebyshev.run   
 ********** OUTLIER No 121 *******************
NODE: 6, DATA TYPE [CURRENT_icmp_sent]
INDEX[112, 1[13:35:02] {C:\Users\vougi\PycharmProjects\find_outliers_platform\utINFO     2020-08-03 13:35:02,011  FindOutlierChebyshev.print_to_console in FindOutlierChebyshev.run   
 ********** OUTLIER No 122 *******************
NODE: 6, DATA TYPE [CURRENT_icmp_sent]
INDEX[138,[13:35:02] {C:\Users\vougi\PycharmProjects\find_outliers_platform\utilINFO     2020-08-03 13:35:02,012  FindOutlierChebyshev.print_to_console in FindOutlierChebyshev.run   
 ********** OUTLIER No 123 *******************
NODE: 7, DATA TYPE [CURRENT_icmp_recv][13:35:02] {C:\Users\vougi\PycharmProjects\find_outliers_platform\utilitINFO     2020-08-03 13:35:02,013  FindOutlierChebyshev.print_to_console in FindOutlierChebyshev.run   
 ********** OUTLIER No 124 *******************
NODE: 7, DATA TYPE [CURRENT_icmp_rec[13:35:02] {C:\Users\vougi\PycharmProjects\find_outliers_platform\utilitieINFO     2020-08-03 13:35:02,014  FindOutlierChebyshev.print_to_console in FindOutlierChebyshev.run   
 ********** OUTLIER No 125 *******************
NODE: 7, DATA TYPE [CURRENT_icmp_r[13:35:02] {C:\Users\vougi\PycharmProjects\find_outliers_platform\utilities\INFO     2020-08-03 13:35:02,015  FindOutlierChebyshev.print_to_console in FindOutlierChebyshev.run   
 ********** OUTLIER No 126 *******************
NODE: 7, DATA TYPE [CURRENT_icmp_[13:35:02] {C:\Users\vougi\PycharmProjects\find_outliers_platform\utilities\loINFO     2020-08-03 13:35:02,016  FindOutlierChebyshev.print_to_console in FindOutlierChebyshev.run   
 ********** OUTLIER No 127 *******************
NODE: 7, DATA TYPE [CURRENT_icmp_recv][13:35:02] {C:\Users\vougi\PycharmProjects\find_outliers_platform\utilities\log_INFO     2020-08-03 13:35:02,016  FindOutlierChebyshev.print_to_console in FindOutlierChebyshev.run   
 ********** OUTLIER No 128 *******************
NODE: 7, DATA TYPE [CURRENT_[13:35:02] {C:\Users\vougi\PycharmProjects\find_outliers_platform\utilities\log_moINFO     2020-08-03 13:35:02,017  FindOutlierChebyshev.print_to_console in FindOutlierChebyshev.run   
 ********** OUTLIER No 129 *******************
NODE: 7, DATA TYPE [CURREN[13:35:02] {C:\Users\vougi\PycharmProjects\find_outliers_platform\utilities\log_moduINFO     2020-08-03 13:35:02,018  FindOutlierChebyshev.print_to_console in FindOutlierChebyshev.run   
 ********** OUTLIER No 130 *******************
NODE: 7, DATA TYPE [CURRENT_icmp_s[13:35:02] {C:\Users\vougi\PycharmProjects\find_outliers_platform\utilities\log_moduleINFO     2020-08-03 13:35:02,019  FindOutlierChebyshev.print_to_console in FindOutlierChebyshev.run   
 ********** OUTLIER No 131 *******************
NODE: 7, DATA TYPE [CURRENT_icmp[13:35:02] {C:\Users\vougi\PycharmProjects\find_outliers_platform\utilities\log_module.pINFO     2020-08-03 13:35:02,020  FindOutlierChebyshev.print_to_console in FindOutlierChebyshev.run   
 ********** OUTLIER No 132 *******************
NODE: 7, DATA TYPE [CURRENT_ic[13:35:02] {C:\Users\vougi\PycharmProjects\find_outliers_platform\utilities\log_module.py:INFO     2020-08-03 13:35:02,021  FindOutlierChebyshev.print_to_console in FindOutlierChebyshev.run   
 ********** OUTLIER No 133 *******************
NODE: 7, DATA TYPE [CURRENT_[13:35:02] {C:\Users\vougi\PycharmProjects\find_outliers_platform\utilities\log_module.py:68INFO     2020-08-03 13:35:02,022  FindOutlierChebyshev.print_to_console in FindOutlierChebyshev.run   
 ********** OUTLIER No 134 *******************
NODE: 8, DATA TY[13:35:02] {C:\Users\vougi\PycharmProjects\find_outliers_platform\utilities\log_module.py:68} INFO     2020-08-03 13:35:02,023  FindOutlierChebyshev.print_to_console in FindOutlierChebyshev.run   
 ********** OUTLIER No 135 *******************
NODE: 8, DATA [13:35:02] {C:\Users\vougi\PycharmProjects\find_outliers_platform\utilities\log_module.py:68} ININFO     2020-08-03 13:35:02,024  FindOutlierChebyshev.print_to_console in FindOutlierChebyshev.run   
 ********** OUTLIER No 136 *******************
NODE: 8, DAT[13:35:02] {C:\Users\vougi\PycharmProjects\find_outliers_platform\utilities\log_module.py:68} INFOINFO     2020-08-03 13:35:02,025  FindOutlierChebyshev.print_to_console in FindOutlierChebyshev.run   
 ********** OUTLIER No 137 *******************
NODE: 8, D[13:35:02] {C:\Users\vougi\PycharmProjects\find_outliers_platform\utilities\log_module.py:68} INFO -INFO     2020-08-03 13:35:02,026  FindOutlierChebyshev.print_to_console in FindOutlierChebyshev.run   
 ********** OUTLIER No 138 *******************
NODE: 8, DATA [13:35:02] {C:\Users\vougi\PycharmProjects\find_outliers_platform\utilities\log_module.py:68} INFO - 
INFO     2020-08-03 13:35:02,026  FindOutlierChebyshev.print_to_console in FindOutlierChebyshev.run   
 ********** OUTLIER No 139 *******************
NODE: 8, DATA TY[13:35:02] {C:\Users\vougi\PycharmProjects\find_outliers_platform\utilities\log_module.py:68} INFO - 
 INFO     2020-08-03 13:35:02,027  FindOutlierChebyshev.print_to_console in FindOutlierChebyshev.run   
 ********** OUTLIER No 140 *******************
NODE: 8, DATA [13:35:02] {C:\Users\vougi\PycharmProjects\find_outliers_platform\utilities\log_module.py:68} INFO - 
 **INFO     2020-08-03 13:35:02,028  FindOutlierChebyshev.print_to_console in FindOutlierChebyshev.run   
 ********** OUTLIER No 141 *******************
NODE: 8, DAT[13:35:02] {C:\Users\vougi\PycharmProjects\find_outliers_platform\utilities\log_module.py:68} INFO - 
 ****INFO     2020-08-03 13:35:02,029  FindOutlierChebyshev.print_to_console in FindOutlierChebyshev.run   
 ********** OUTLIER No 142 *******************
NODE: 8, D[13:35:02] {C:\Users\vougi\PycharmProjects\find_outliers_platform\utilities\log_module.py:68} INFO - 
 ******INFO     2020-08-03 13:35:02,030  FindOutlierChebyshev.print_to_console in FindOutlierChebyshev.run   
 ********** OUTLIER No 143 *******************[13:35:02] {C:\Users\vougi\PycharmProjects\find_outliers_platform\utilities\log_module.py:68} INFO - 
 ********INFO     2020-08-03 13:35:02,031  FindOutlierChebyshev.print_to_console in FindOutlierChebyshev.run   
 ********** OUTLIER No 144 *****************[13:35:02] {C:\Users\vougi\PycharmProjects\find_outliers_platform\utilities\log_module.py:68} INFO - 
 **********INFO     2020-08-03 13:35:02,032  FindOutlierChebyshev.print_to_console in FindOutlierChebyshev.run   
 ********** OUTLIER No 145 ***************[13:35:02] {C:\Users\vougi\PycharmProjects\find_outliers_platform\utilities\log_module.py:68} INFO - 
 ********** OINFO     2020-08-03 13:35:02,033  FindOutlierChebyshev.print_to_console in FindOutlierChebyshev.run   
 ********** OUTLIER No 146 **************[13:35:02] {C:\Users\vougi\PycharmProjects\find_outliers_platform\utilities\log_module.py:68} INFO - 
 ********** OUTINFO     2020-08-03 13:35:02,034  FindOutlierChebyshev.print_to_console in FindOutlierChebyshev.run   
 ********** OUTLIER No 147 *******************[13:35:02] {C:\Users\vougi\PycharmProjects\find_outliers_platform\utilities\log_module.py:68} INFO - 
 ********** OUTLIINFO     2020-08-03 13:35:02,035  FindOutlierChebyshev.print_to_console in FindOutlierChebyshev.run   
 ********** OUTLIER No 148 *****************[13:35:02] {C:\Users\vougi\PycharmProjects\find_outliers_platform\utilities\log_module.py:68} INFO - 
 ********** OUTLIERINFO     2020-08-03 13:35:02,036  FindOutlierChebyshev.print_to_console in FindOutlierChebyshev.run   
 ********** OUTLIER No 149 *****************[13:35:02] {C:\Users\vougi\PycharmProjects\find_outliers_platform\utilities\log_module.py:68} INFO - 
 ********** OUTLIER NINFO     2020-08-03 13:35:02,036  FindOutlierChebyshev.print_to_console in FindOutlierChebyshev.run   
 ********** OUTLIER No 150 ***************[13:35:02] {C:\Users\vougi\PycharmProjects\find_outliers_platform\utilities\log_module.py:68} INFO - 
 ********** OUTLIER No INFO     2020-08-03 13:35:02,037  FindOutlierChebyshev.print_to_console in FindOutlierChebyshev.run   
 ********** OUTLIER No 151 *************[13:35:02] {C:\Users\vougi\PycharmProjects\find_outliers_platform\utilities\log_module.py:68} INFO - 
 ********** OUTLIER No 15INFO     2020-08-03 13:35:02,038  FindOutlierChebyshev.print_to_console in FindOutlierChebyshev.run   
 ********** OUTLIER No 152 ***********[13:35:02] {C:\Users\vougi\PycharmProjects\find_outliers_platform\utilities\log_module.py:68} INFO - 
 ********** OUTLIER No 153 INFO     2020-08-03 13:35:02,039  FindOutlierChebyshev.print_to_console in FindOutlierChebyshev.run   
 ********** OUTLIER No 153 *********[13:35:02] {C:\Users\vougi\PycharmProjects\find_outliers_platform\utilities\log_module.py:68} INFO - 
 ********** OUTLIER No 154 **INFO     2020-08-03 13:35:02,040  FindOutlierChebyshev.print_to_console in FindOutlierChebyshev.run   
 ********** OUTLIER No 1[13:35:02] {C:\Users\vougi\PycharmProjects\find_outliers_platform\utilities\log_module.py:68} INFO - 
 ********** OUTLIER No 155 ****INFO     2020-08-03 13:35:02,041  FindOutlierChebyshev.print_to_console in FindOutlierChebyshev.run   
 ********** OUTLIER No[13:35:02] {C:\Users\vougi\PycharmProjects\find_outliers_platform\utilities\log_module.py:68} INFO - 
 ********** OUTLIER No 156 ******INFO     2020-08-03 13:35:02,042  FindOutlierChebyshev.print_to_console in FindOutlierChebyshev.run   
 ********** OUTLIER [13:35:02] {C:\Users\vougi\PycharmProjects\find_outliers_platform\utilities\log_module.py:68} INFO - 
 ********** OUTLIER No 157 ********INFO     2020-08-03 13:35:02,043  FindOutlierChebyshev.print_to_console in FindOutlierChebyshev.run   
 ********** OUTLIE[13:35:02] {C:\Users\vougi\PycharmProjects\find_outliers_platform\utilities\log_module.py:68} INFO - 
 ********** OUTLIER No 158 **********INFO     2020-08-03 13:35:02,044  FindOutlierChebyshev.print_to_console in FindOutlierChebyshev.run   
 ********** OUTLI[13:35:02] {C:\Users\vougi\PycharmProjects\find_outliers_platform\utilities\log_module.py:68} INFO - 
 ********** OUTLIER No 159 ************INFO     2020-08-03 13:35:02,045  FindOutlierChebyshev.print_to_console in FindOutlierChebyshev.run   
 ********** OUTLIER No 1[13:35:02] {C:\Users\vougi\PycharmProjects\find_outliers_platform\utilities\log_module.py:68} INFO - 
 ********** OUTLIER No 160 **************INFO     2020-08-03 13:35:02,046  FindOutlierChebyshev.print_to_console in FindOutlierChebyshev.run   
 ********** OUTLIER No[13:35:02] {C:\Users\vougi\PycharmProjects\find_outliers_platform\utilities\log_module.py:68} INFO - 
 ********** OUTLIER No 161 ****************INFO     2020-08-03 13:35:02,047  FindOutlierChebyshev.print_to_console in FindOutlierChebyshev.run   
 ********** OUTLIER [13:35:02] {C:\Users\vougi\PycharmProjects\find_outliers_platform\utilities\log_module.py:68} INFO - 
 ********** OUTLIER No 162 ******************INFO     2020-08-03 13:35:02,048  FindOutlierChebyshev.print_to_console in FindOutlierChebyshev.run   
 ********** OUTLIE[13:35:02] {C:\Users\vougi\PycharmProjects\find_outliers_platform\utilities\log_module.py:68} INFO - 
 ********** OUTLIER No 163 *******************
INFO     2020-08-03 13:35:02,048  FindOutlierChebyshev.print_to_console in FindOutlierChebyshev.run   
 *****[13:35:02] {C:\Users\vougi\PycharmProjects\find_outliers_platform\utilities\log_module.py:68} INFO - 
 ********** OUTLIER No 164 *******************
NINFO     2020-08-03 13:35:02,049  FindOutlierChebyshev.print_to_console in FindOutlierChebyshev.run   
 ***[13:35:02] {C:\Users\vougi\PycharmProjects\find_outliers_platform\utilities\log_module.py:68} INFO - 
 ********** OUTLIER No 165 *******************
NODINFO     2020-08-03 13:35:02,050  FindOutlierChebyshev.print_to_console in FindOutlierChebyshev.run   
 *[13:35:02] {C:\Users\vougi\PycharmProjects\find_outliers_platform\utilities\log_module.py:68} INFO - 
 ********** OUTLIER No 166 *******************
NODE:INFO     2020-08-03 13:35:02,051  FindOutlierChebyshev.print_to_console in FindOutlierChebyshev.run   
[13:35:02] {C:\Users\vougi\PycharmProjects\find_outliers_platform\utilities\log_module.py:68} INFO - 
 ********** OUTLIER No 167 *******************
NODE: 9INFO     2020-08-03 13:35:02,052  FindOutlierChebyshev.print_to_console in FindOutlierChebyshev.run   
[13:35:02] {C:\Users\vougi\PycharmProjects\find_outliers_platform\utilities\log_module.py:68} INFO - 
 ********** OUTLIER No 168 *******************
NODE: 9, INFO     2020-08-03 13:35:02,053  FindOutlierChebyshev.print_to_console in FindOutlierChebyshev.run   
 *****[13:35:02] {C:\Users\vougi\PycharmProjects\find_outliers_platform\utilities\log_module.py:68} INFO - 
 .//outputfiles//\FindOutlierChebyshev_metrics_details_geneINFO     2020-08-03 13:35:02,079 [13:35:02] {C:\Users\vougi\PycharmProjects\find_outliers_platform\utilities\log_module.py:68} INFO - 
 .//outputfiles//\FindOutlierChebysheINFO     2020-08-03 13:35:02,083  SavePdToFile.run in Fi[13:35:02] {C:\Users\vougi\PycharmProjects\find_outliers_platform\utilities\log_module.py:68} INFO - 
 .//outputfilesINFO     2020-08-03 13:35:02,086  SavePdToFile.run in FindOutlierChebyshev.run   .//outputfiles//\FindOutlierChebyshev_metrics_summary.csv file saved successfully 
